Using pre-set license
Built from '2020.3/staging' branch; Version is '2020.3.0f1 (c7b5465681fb) revision 13088070'; Using compiler version '192528614'; Build Type 'Release'
OS: 'Windows 10 Home; OS build 18363.1440; Version 1909; 64bit' Language: 'en' Physical Memory: 16201 MB
BatchMode: 1, IsHumanControllingUs: 0, StartBugReporterOnCrash: 0, Is64bit: 1, IsPro: 0

 COMMAND LINE ARGUMENTS:
C:\Program Files\Unity\Hub\Editor\2020.3.0f1\Editor\Unity.exe
-adb2
-batchMode
-noUpm
-name
AssetImportWorker0
-projectPath
C:/Dev/Projects/Optimization Game Github/Micro-Prototype/Micro-Game Prototype
-logFile
Logs/AssetImportWorker0.log
-srvPort
58889
Successfully changed project path to: C:/Dev/Projects/Optimization Game Github/Micro-Prototype/Micro-Game Prototype
C:/Dev/Projects/Optimization Game Github/Micro-Prototype/Micro-Game Prototype
Using Asset Import Pipeline V2.
Refreshing native plugins compatible for Editor in 29.30 ms, found 1 plugins.
Preloading 0 native plugins for Editor in 0.00 ms.
Initialize engine version: 2020.3.0f1 (c7b5465681fb)
[Subsystems] Discovering subsystems at path C:/Program Files/Unity/Hub/Editor/2020.3.0f1/Editor/Data/Resources/UnitySubsystems
[Subsystems] Discovering subsystems at path C:/Dev/Projects/Optimization Game Github/Micro-Prototype/Micro-Game Prototype/Assets
GfxDevice: creating device client; threaded=0
Direct3D:
    Version:  Direct3D 11.0 [level 11.1]
    Renderer: NVIDIA GeForce RTX 2070 with Max-Q Design (ID=0x1f14)
    Vendor:   
    VRAM:     8031 MB
    Driver:   26.21.14.4223
Initialize mono
Mono path[0] = 'C:/Program Files/Unity/Hub/Editor/2020.3.0f1/Editor/Data/Managed'
Mono path[1] = 'C:/Program Files/Unity/Hub/Editor/2020.3.0f1/Editor/Data/MonoBleedingEdge/lib/mono/unityjit'
Mono config path = 'C:/Program Files/Unity/Hub/Editor/2020.3.0f1/Editor/Data/MonoBleedingEdge/etc'
Using monoOptions --debugger-agent=transport=dt_socket,embedding=1,server=y,suspend=n,address=127.0.0.1:56260
Begin MonoManager ReloadAssembly
Registering precompiled unity dll's ...
Register platform support module: C:/Program Files/Unity/Hub/Editor/2020.3.0f1/Editor/Data/PlaybackEngines/WindowsStandaloneSupport/UnityEditor.WindowsStandalone.Extensions.dll
Registered in 0.001638 seconds.
Native extension for WindowsStandalone target not found
Refreshing native plugins compatible for Editor in 29.02 ms, found 1 plugins.
Preloading 0 native plugins for Editor in 0.00 ms.
Invoked RoslynAnalysisRunner static constructor.
RoslynAnalysisRunner will not be running.
RoslynAnalysisRunner has terminated.
Mono: successfully reloaded assembly
- Completed reload, in  0.824 seconds
Platform modules already initialized, skipping
Registering precompiled user dll's ...
Registered in 0.000747 seconds.
Begin MonoManager ReloadAssembly
Native extension for WindowsStandalone target not found
Refreshing native plugins compatible for Editor in 29.64 ms, found 1 plugins.
Preloading 0 native plugins for Editor in 0.00 ms.
Invoked RoslynAnalysisRunner static constructor.
RoslynAnalysisRunner will not be running.
RoslynAnalysisRunner has terminated.
Mono: successfully reloaded assembly
- Completed reload, in  0.759 seconds
Platform modules already initialized, skipping
========================================================================
Worker process is ready to serve import requests
Launched and connected shader compiler UnityShaderCompiler.exe after 0.03 seconds
Refreshing native plugins compatible for Editor in 0.31 ms, found 1 plugins.
Preloading 0 native plugins for Editor in 0.00 ms.
Unloading 1810 Unused Serialized files (Serialized files now loaded: 0)
System memory in use before: 85.3 MB.
System memory in use after: 85.2 MB.

Unloading 24 unused Assets to reduce memory usage. Loaded Objects now: 2253.
Total: 1.674300 ms (FindLiveObjects: 0.178100 ms CreateObjectMapping: 0.086000 ms MarkObjects: 1.309100 ms  DeleteObjects: 0.100600 ms)

========================================================================
Received Import Request.
  path: Assets/Animations/High Cloud.anim
  artifactKey: Guid(507952a5c2c22964ebd0a855fc41e0b1) Importer(815301076,1909f56bfc062723c751e8b465ee728b)
Start importing Assets/Animations/High Cloud.anim using Guid(507952a5c2c22964ebd0a855fc41e0b1) Importer(815301076,1909f56bfc062723c751e8b465ee728b)  -> (artifact id: '96dd272a35e019d92beb8824c9aa6351') in 0.040108 seconds
  Import took 0.042379 seconds .

========================================================================
Received Import Request.
  Time since last request: 21.170345 seconds.
  path: Assets/Animations/OBSTACLE.anim
  artifactKey: Guid(0cad448dde9c71d4a864461b6a61ce3f) Importer(815301076,1909f56bfc062723c751e8b465ee728b)
Start importing Assets/Animations/OBSTACLE.anim using Guid(0cad448dde9c71d4a864461b6a61ce3f) Importer(815301076,1909f56bfc062723c751e8b465ee728b)  -> (artifact id: '9c4026e82fdd6d016512a0a7b9467194') in 0.009255 seconds
  Import took 0.012144 seconds .

========================================================================
Received Import Request.
  Time since last request: 0.000953 seconds.
  path: Assets/Animations/OBSTACLE.anim
  artifactKey: Guid(0cad448dde9c71d4a864461b6a61ce3f) Importer(815301076,1909f56bfc062723c751e8b465ee728b)
Start importing Assets/Animations/OBSTACLE.anim using Guid(0cad448dde9c71d4a864461b6a61ce3f) Importer(815301076,1909f56bfc062723c751e8b465ee728b)  -> (artifact id: '9c4026e82fdd6d016512a0a7b9467194') in 0.003163 seconds
  Import took 0.005743 seconds .

========================================================================
Received Import Request.
  Time since last request: 1.324742 seconds.
  path: Assets/Animations/Low Cloud.controller
  artifactKey: Guid(655dab191e9ad1948920624834b6a6e9) Importer(815301076,1909f56bfc062723c751e8b465ee728b)
Start importing Assets/Animations/Low Cloud.controller using Guid(655dab191e9ad1948920624834b6a6e9) Importer(815301076,1909f56bfc062723c751e8b465ee728b)  -> (artifact id: 'f69d3fe50359239abbf6eb24b1eda9f3') in 0.012505 seconds
  Import took 0.015211 seconds .

========================================================================
Received Import Request.
  Time since last request: 1.592461 seconds.
  path: Assets/Animations/Group Cactus.controller
  artifactKey: Guid(409e31af8fe26c74daa2675f76fb2245) Importer(815301076,1909f56bfc062723c751e8b465ee728b)
Start importing Assets/Animations/Group Cactus.controller using Guid(409e31af8fe26c74daa2675f76fb2245) Importer(815301076,1909f56bfc062723c751e8b465ee728b)  -> (artifact id: 'd09d3aa6686e061eccbcb5ed4859e63f') in 0.007443 seconds
  Import took 0.010300 seconds .

========================================================================
Received Import Request.
  Time since last request: 0.000954 seconds.
  path: Assets/Animations/Group Cactus.controller
  artifactKey: Guid(409e31af8fe26c74daa2675f76fb2245) Importer(815301076,1909f56bfc062723c751e8b465ee728b)
Start importing Assets/Animations/Group Cactus.controller using Guid(409e31af8fe26c74daa2675f76fb2245) Importer(815301076,1909f56bfc062723c751e8b465ee728b)  -> (artifact id: 'd09d3aa6686e061eccbcb5ed4859e63f') in 0.003200 seconds
  Import took 0.006199 seconds .

========================================================================
Received Import Request.
  Time since last request: 725.257761 seconds.
  path: Assets/Animations
  artifactKey: Guid(edbc70123aa35ce40a73a3af54f7d7ce) Importer(815301076,1909f56bfc062723c751e8b465ee728b)
Start importing Assets/Animations using Guid(edbc70123aa35ce40a73a3af54f7d7ce) Importer(815301076,1909f56bfc062723c751e8b465ee728b)  -> (artifact id: '33059439a40ee9a6a1752f75910056c7') in 0.008122 seconds
  Import took 0.011044 seconds .

========================================================================
Received Import Request.
  Time since last request: 0.747866 seconds.
  path: Assets/Prefabs
  artifactKey: Guid(0a24983fe0cff1d40a1086bfd5b1ecf6) Importer(815301076,1909f56bfc062723c751e8b465ee728b)
Start importing Assets/Prefabs using Guid(0a24983fe0cff1d40a1086bfd5b1ecf6) Importer(815301076,1909f56bfc062723c751e8b465ee728b)  -> (artifact id: '0e9a3a358e934fbd92de0a9fe528c744') in 0.005948 seconds
  Import took 0.008496 seconds .

========================================================================
Received Import Request.
  Time since last request: 2.827244 seconds.
  path: Assets/Scripts/PlayerMovements.cs
  artifactKey: Guid(5fa596128c402144a8b4e4ed480a1d5a) Importer(815301076,1909f56bfc062723c751e8b465ee728b)
Start importing Assets/Scripts/PlayerMovements.cs using Guid(5fa596128c402144a8b4e4ed480a1d5a) Importer(815301076,1909f56bfc062723c751e8b465ee728b)  -> (artifact id: 'a22fa2e15b7cde2d5c670da3e1e90fef') in 0.010651 seconds
  Import took 0.013142 seconds .

========================================================================
Received Import Request.
  Time since last request: 0.001354 seconds.
  path: Assets/Scripts/PlayerMovements.cs
  artifactKey: Guid(5fa596128c402144a8b4e4ed480a1d5a) Importer(815301076,1909f56bfc062723c751e8b465ee728b)
Start importing Assets/Scripts/PlayerMovements.cs using Guid(5fa596128c402144a8b4e4ed480a1d5a) Importer(815301076,1909f56bfc062723c751e8b465ee728b)  -> (artifact id: 'a22fa2e15b7cde2d5c670da3e1e90fef') in 0.002476 seconds
  Import took 0.005467 seconds .

========================================================================
Received Import Request.
  Time since last request: 3.279754 seconds.
  path: Assets/Scripts/FinalScore.cs
  artifactKey: Guid(58d82c1c8c9650d459954f86e00cba71) Importer(815301076,1909f56bfc062723c751e8b465ee728b)
Start importing Assets/Scripts/FinalScore.cs using Guid(58d82c1c8c9650d459954f86e00cba71) Importer(815301076,1909f56bfc062723c751e8b465ee728b)  -> (artifact id: '63da8fd0ef14ef418e57aa2821fd5007') in 0.006396 seconds
  Import took 0.009058 seconds .

========================================================================
Received Import Request.
  Time since last request: 14.808402 seconds.
  path: Assets/Animations/Group Cactus.anim
  artifactKey: Guid(919c9429a36ec2942a193d7216715e51) Importer(815301076,1909f56bfc062723c751e8b465ee728b)
Start importing Assets/Animations/Group Cactus.anim using Guid(919c9429a36ec2942a193d7216715e51) Importer(815301076,1909f56bfc062723c751e8b465ee728b)  -> (artifact id: 'cd2c5f2829693c355bd0da5588386f40') in 0.003450 seconds
  Import took 0.005903 seconds .

========================================================================
Received Prepare
Registering precompiled user dll's ...
Registered in 0.000733 seconds.
Begin MonoManager ReloadAssembly
Native extension for WindowsStandalone target not found
Refreshing native plugins compatible for Editor in 0.31 ms, found 1 plugins.
Preloading 0 native plugins for Editor in 0.00 ms.
Invoked RoslynAnalysisRunner static constructor.
RoslynAnalysisRunner will not be running.
RoslynAnalysisRunner has terminated.
Mono: successfully reloaded assembly
- Completed reload, in  0.695 seconds
Platform modules already initialized, skipping
Refreshing native plugins compatible for Editor in 0.30 ms, found 1 plugins.
Preloading 0 native plugins for Editor in 0.00 ms.
Unloading 1805 Unused Serialized files (Serialized files now loaded: 0)
System memory in use before: 85.2 MB.
System memory in use after: 85.2 MB.

Unloading 12 unused Assets to reduce memory usage. Loaded Objects now: 2257.
Total: 1.746900 ms (FindLiveObjects: 0.199700 ms CreateObjectMapping: 0.062400 ms MarkObjects: 1.343200 ms  DeleteObjects: 0.141000 ms)

========================================================================
Received Import Request.
  Time since last request: 181.586411 seconds.
  path: Assets/Animations/Low Cloud.anim
  artifactKey: Guid(bf9e41755bda2ab48af65d677c88ea5a) Importer(815301076,1909f56bfc062723c751e8b465ee728b)
Start importing Assets/Animations/Low Cloud.anim using Guid(bf9e41755bda2ab48af65d677c88ea5a) Importer(815301076,1909f56bfc062723c751e8b465ee728b)  -> (artifact id: '8acf91e82dbdd6c07364a372d403cd06') in 0.012392 seconds
  Import took 0.015582 seconds .

========================================================================
Received Prepare
Registering precompiled user dll's ...
Registered in 0.000814 seconds.
Begin MonoManager ReloadAssembly
Native extension for WindowsStandalone target not found
Refreshing native plugins compatible for Editor in 0.29 ms, found 1 plugins.
Preloading 0 native plugins for Editor in 0.00 ms.
Invoked RoslynAnalysisRunner static constructor.
RoslynAnalysisRunner will not be running.
RoslynAnalysisRunner has terminated.
Mono: successfully reloaded assembly
- Completed reload, in  0.682 seconds
Platform modules already initialized, skipping
Refreshing native plugins compatible for Editor in 0.31 ms, found 1 plugins.
Preloading 0 native plugins for Editor in 0.00 ms.
Unloading 1805 Unused Serialized files (Serialized files now loaded: 0)
System memory in use before: 85.3 MB.
System memory in use after: 85.3 MB.

Unloading 12 unused Assets to reduce memory usage. Loaded Objects now: 2261.
Total: 1.989400 ms (FindLiveObjects: 0.183200 ms CreateObjectMapping: 0.061900 ms MarkObjects: 1.639900 ms  DeleteObjects: 0.103800 ms)

========================================================================
Received Prepare
Registering precompiled user dll's ...
Registered in 0.000765 seconds.
Begin MonoManager ReloadAssembly
Native extension for WindowsStandalone target not found
Refreshing native plugins compatible for Editor in 0.33 ms, found 1 plugins.
Preloading 0 native plugins for Editor in 0.00 ms.
Invoked RoslynAnalysisRunner static constructor.
RoslynAnalysisRunner will not be running.
RoslynAnalysisRunner has terminated.
Mono: successfully reloaded assembly
- Completed reload, in  0.681 seconds
Platform modules already initialized, skipping
Refreshing native plugins compatible for Editor in 0.31 ms, found 1 plugins.
Preloading 0 native plugins for Editor in 0.00 ms.
Unloading 1805 Unused Serialized files (Serialized files now loaded: 0)
System memory in use before: 85.3 MB.
System memory in use after: 85.3 MB.

Unloading 12 unused Assets to reduce memory usage. Loaded Objects now: 2265.
Total: 1.980200 ms (FindLiveObjects: 0.187400 ms CreateObjectMapping: 0.126400 ms MarkObjects: 1.538000 ms  DeleteObjects: 0.127500 ms)

========================================================================
Received Import Request.
  Time since last request: 58.984410 seconds.
  path: Assets/Animations/High Cloud.controller
  artifactKey: Guid(720db84fdc1dc2b45bd1ef8cdeadf5e0) Importer(815301076,1909f56bfc062723c751e8b465ee728b)
Start importing Assets/Animations/High Cloud.controller using Guid(720db84fdc1dc2b45bd1ef8cdeadf5e0) Importer(815301076,1909f56bfc062723c751e8b465ee728b)  -> (artifact id: 'f676b37d41e813b16f41626efb9f8594') in 0.013979 seconds
  Import took 0.017585 seconds .

========================================================================
Received Prepare
Registering precompiled user dll's ...
Registered in 0.000788 seconds.
Begin MonoManager ReloadAssembly
Native extension for WindowsStandalone target not found
Refreshing native plugins compatible for Editor in 0.30 ms, found 1 plugins.
Preloading 0 native plugins for Editor in 0.00 ms.
Invoked RoslynAnalysisRunner static constructor.
RoslynAnalysisRunner will not be running.
RoslynAnalysisRunner has terminated.
Mono: successfully reloaded assembly
- Completed reload, in  0.690 seconds
Platform modules already initialized, skipping
Refreshing native plugins compatible for Editor in 0.30 ms, found 1 plugins.
Preloading 0 native plugins for Editor in 0.00 ms.
Unloading 1805 Unused Serialized files (Serialized files now loaded: 0)
System memory in use before: 85.3 MB.
System memory in use after: 85.3 MB.

Unloading 12 unused Assets to reduce memory usage. Loaded Objects now: 2269.
Total: 1.551400 ms (FindLiveObjects: 0.149200 ms CreateObjectMapping: 0.061200 ms MarkObjects: 1.260000 ms  DeleteObjects: 0.080400 ms)

========================================================================
Received Import Request.
  Time since last request: 26.761205 seconds.
  path: Assets/Sprites/CLOUD.png
  artifactKey: Guid(4d9bf94d5447e0a4c94a877b0b955186) Importer(815301076,1909f56bfc062723c751e8b465ee728b)
Start importing Assets/Sprites/CLOUD.png using Guid(4d9bf94d5447e0a4c94a877b0b955186) Importer(815301076,1909f56bfc062723c751e8b465ee728b)  -> (artifact id: 'f71f644a89f845c74f8e0521049f91bc') in 0.078322 seconds
  Import took 0.081056 seconds .

========================================================================
Received Import Request.
  Time since last request: 6.005428 seconds.
  path: Assets/Sprites/BIRD.png
  artifactKey: Guid(c59f8b639fdeeaf4e828601e52410b86) Importer(815301076,1909f56bfc062723c751e8b465ee728b)
Start importing Assets/Sprites/BIRD.png using Guid(c59f8b639fdeeaf4e828601e52410b86) Importer(815301076,1909f56bfc062723c751e8b465ee728b)  -> (artifact id: 'de65459e27ee17aec2fb0c2e87669956') in 0.022240 seconds
  Import took 0.024750 seconds .

========================================================================
Received Prepare
Registering precompiled user dll's ...
Registered in 0.001158 seconds.
Begin MonoManager ReloadAssembly
Native extension for WindowsStandalone target not found
Refreshing native plugins compatible for Editor in 0.29 ms, found 1 plugins.
Preloading 0 native plugins for Editor in 0.00 ms.
Invoked RoslynAnalysisRunner static constructor.
RoslynAnalysisRunner will not be running.
RoslynAnalysisRunner has terminated.
Mono: successfully reloaded assembly
- Completed reload, in  0.686 seconds
Platform modules already initialized, skipping
Refreshing native plugins compatible for Editor in 0.31 ms, found 1 plugins.
Preloading 0 native plugins for Editor in 0.00 ms.
Unloading 1805 Unused Serialized files (Serialized files now loaded: 0)
System memory in use before: 88.4 MB.
System memory in use after: 88.4 MB.

Unloading 12 unused Assets to reduce memory usage. Loaded Objects now: 2281.
Total: 1.764300 ms (FindLiveObjects: 0.179900 ms CreateObjectMapping: 0.073700 ms MarkObjects: 1.425700 ms  DeleteObjects: 0.084300 ms)

========================================================================
Received Import Request.
  Time since last request: 514.781263 seconds.
  path: Assets/Scripts/Score.cs
  artifactKey: Guid(2b0e829187ce6ef469f9999d31251609) Importer(815301076,1909f56bfc062723c751e8b465ee728b)
Start importing Assets/Scripts/Score.cs using Guid(2b0e829187ce6ef469f9999d31251609) Importer(815301076,1909f56bfc062723c751e8b465ee728b)  -> (artifact id: 'fdd96e634eb8d7eb712945be83f819af') in 0.007993 seconds
  Import took 0.010539 seconds .

========================================================================
Received Prepare
Registering precompiled user dll's ...
Registered in 0.000808 seconds.
Begin MonoManager ReloadAssembly
Native extension for WindowsStandalone target not found
Refreshing native plugins compatible for Editor in 0.31 ms, found 1 plugins.
Preloading 0 native plugins for Editor in 0.00 ms.
Invoked RoslynAnalysisRunner static constructor.
RoslynAnalysisRunner will not be running.
RoslynAnalysisRunner has terminated.
Mono: successfully reloaded assembly
- Completed reload, in  0.704 seconds
Platform modules already initialized, skipping
Refreshing native plugins compatible for Editor in 0.30 ms, found 1 plugins.
Preloading 0 native plugins for Editor in 0.00 ms.
Unloading 1805 Unused Serialized files (Serialized files now loaded: 0)
System memory in use before: 88.5 MB.
System memory in use after: 88.4 MB.

Unloading 12 unused Assets to reduce memory usage. Loaded Objects now: 2285.
Total: 1.636500 ms (FindLiveObjects: 0.171200 ms CreateObjectMapping: 0.071000 ms MarkObjects: 1.272600 ms  DeleteObjects: 0.121200 ms)

========================================================================
Received Import Request.
  Time since last request: 110.490273 seconds.
  path: Assets/Scripts/Score.cs
  artifactKey: Guid(2b0e829187ce6ef469f9999d31251609) Importer(815301076,1909f56bfc062723c751e8b465ee728b)
Start importing Assets/Scripts/Score.cs using Guid(2b0e829187ce6ef469f9999d31251609) Importer(815301076,1909f56bfc062723c751e8b465ee728b)  -> (artifact id: '18eccebea8df4f26029e915be8a5d58d') in 0.004922 seconds
  Import took 0.007071 seconds .

========================================================================
Received Prepare
Registering precompiled user dll's ...
Registered in 0.001148 seconds.
Begin MonoManager ReloadAssembly
Native extension for WindowsStandalone target not found
Refreshing native plugins compatible for Editor in 0.35 ms, found 1 plugins.
Preloading 0 native plugins for Editor in 0.00 ms.
Invoked RoslynAnalysisRunner static constructor.
RoslynAnalysisRunner will not be running.
RoslynAnalysisRunner has terminated.
Mono: successfully reloaded assembly
- Completed reload, in  0.691 seconds
Platform modules already initialized, skipping
Refreshing native plugins compatible for Editor in 0.30 ms, found 1 plugins.
Preloading 0 native plugins for Editor in 0.00 ms.
Unloading 1805 Unused Serialized files (Serialized files now loaded: 0)
System memory in use before: 88.5 MB.
System memory in use after: 88.5 MB.

Unloading 12 unused Assets to reduce memory usage. Loaded Objects now: 2289.
Total: 1.750300 ms (FindLiveObjects: 0.217400 ms CreateObjectMapping: 0.069200 ms MarkObjects: 1.367700 ms  DeleteObjects: 0.095500 ms)

========================================================================
Received Prepare
Registering precompiled user dll's ...
Registered in 0.000839 seconds.
Begin MonoManager ReloadAssembly
Native extension for WindowsStandalone target not found
Refreshing native plugins compatible for Editor in 0.31 ms, found 1 plugins.
Preloading 0 native plugins for Editor in 0.00 ms.
Invoked RoslynAnalysisRunner static constructor.
RoslynAnalysisRunner will not be running.
RoslynAnalysisRunner has terminated.
Mono: successfully reloaded assembly
- Completed reload, in  0.717 seconds
Platform modules already initialized, skipping
Refreshing native plugins compatible for Editor in 0.31 ms, found 1 plugins.
Preloading 0 native plugins for Editor in 0.00 ms.
Unloading 1805 Unused Serialized files (Serialized files now loaded: 0)
System memory in use before: 88.5 MB.
System memory in use after: 88.5 MB.

Unloading 12 unused Assets to reduce memory usage. Loaded Objects now: 2293.
Total: 1.599100 ms (FindLiveObjects: 0.177300 ms CreateObjectMapping: 0.078100 ms MarkObjects: 1.254600 ms  DeleteObjects: 0.088500 ms)

========================================================================
Received Prepare
Registering precompiled user dll's ...
Registered in 0.000789 seconds.
Begin MonoManager ReloadAssembly
Native extension for WindowsStandalone target not found
Refreshing native plugins compatible for Editor in 0.29 ms, found 1 plugins.
Preloading 0 native plugins for Editor in 0.00 ms.
Invoked RoslynAnalysisRunner static constructor.
RoslynAnalysisRunner will not be running.
RoslynAnalysisRunner has terminated.
Mono: successfully reloaded assembly
- Completed reload, in  0.682 seconds
Platform modules already initialized, skipping
Refreshing native plugins compatible for Editor in 0.30 ms, found 1 plugins.
Preloading 0 native plugins for Editor in 0.00 ms.
Unloading 1805 Unused Serialized files (Serialized files now loaded: 0)
System memory in use before: 88.5 MB.
System memory in use after: 88.5 MB.

Unloading 12 unused Assets to reduce memory usage. Loaded Objects now: 2297.
Total: 1.788400 ms (FindLiveObjects: 0.188300 ms CreateObjectMapping: 0.060800 ms MarkObjects: 1.422700 ms  DeleteObjects: 0.100100 ms)

========================================================================
Received Prepare
Registering precompiled user dll's ...
Registered in 0.000769 seconds.
Begin MonoManager ReloadAssembly
Native extension for WindowsStandalone target not found
Refreshing native plugins compatible for Editor in 0.29 ms, found 1 plugins.
Preloading 0 native plugins for Editor in 0.00 ms.
Invoked RoslynAnalysisRunner static constructor.
RoslynAnalysisRunner will not be running.
RoslynAnalysisRunner has terminated.
Mono: successfully reloaded assembly
- Completed reload, in  0.678 seconds
Platform modules already initialized, skipping
Refreshing native plugins compatible for Editor in 0.31 ms, found 1 plugins.
Preloading 0 native plugins for Editor in 0.00 ms.
Unloading 1805 Unused Serialized files (Serialized files now loaded: 0)
System memory in use before: 88.5 MB.
System memory in use after: 88.5 MB.

Unloading 12 unused Assets to reduce memory usage. Loaded Objects now: 2301.
Total: 1.611800 ms (FindLiveObjects: 0.164200 ms CreateObjectMapping: 0.071800 ms MarkObjects: 1.253100 ms  DeleteObjects: 0.122100 ms)

========================================================================
Received Prepare
Registering precompiled user dll's ...
Registered in 0.001361 seconds.
Begin MonoManager ReloadAssembly
Native extension for WindowsStandalone target not found
Refreshing native plugins compatible for Editor in 0.51 ms, found 1 plugins.
Preloading 0 native plugins for Editor in 0.00 ms.
Invoked RoslynAnalysisRunner static constructor.
RoslynAnalysisRunner will not be running.
RoslynAnalysisRunner has terminated.
Mono: successfully reloaded assembly
- Completed reload, in  0.683 seconds
Platform modules already initialized, skipping
Refreshing native plugins compatible for Editor in 0.31 ms, found 1 plugins.
Preloading 0 native plugins for Editor in 0.00 ms.
Unloading 1805 Unused Serialized files (Serialized files now loaded: 0)
System memory in use before: 88.5 MB.
System memory in use after: 88.5 MB.

Unloading 12 unused Assets to reduce memory usage. Loaded Objects now: 2305.
Total: 1.653200 ms (FindLiveObjects: 0.160000 ms CreateObjectMapping: 0.060500 ms MarkObjects: 1.340600 ms  DeleteObjects: 0.091300 ms)

========================================================================
Received Prepare
Registering precompiled user dll's ...
Registered in 0.000830 seconds.
Begin MonoManager ReloadAssembly
Native extension for WindowsStandalone target not found
Refreshing native plugins compatible for Editor in 0.31 ms, found 1 plugins.
Preloading 0 native plugins for Editor in 0.00 ms.
Invoked RoslynAnalysisRunner static constructor.
RoslynAnalysisRunner will not be running.
RoslynAnalysisRunner has terminated.
Mono: successfully reloaded assembly
- Completed reload, in  0.685 seconds
Platform modules already initialized, skipping
Refreshing native plugins compatible for Editor in 0.29 ms, found 1 plugins.
Preloading 0 native plugins for Editor in 0.00 ms.
Unloading 1805 Unused Serialized files (Serialized files now loaded: 0)
System memory in use before: 88.5 MB.
System memory in use after: 88.5 MB.

Unloading 12 unused Assets to reduce memory usage. Loaded Objects now: 2309.
Total: 1.578000 ms (FindLiveObjects: 0.168300 ms CreateObjectMapping: 0.082000 ms MarkObjects: 1.236300 ms  DeleteObjects: 0.090700 ms)

========================================================================
Received Prepare
Registering precompiled user dll's ...
Registered in 0.000839 seconds.
Begin MonoManager ReloadAssembly
Native extension for WindowsStandalone target not found
Refreshing native plugins compatible for Editor in 0.30 ms, found 1 plugins.
Preloading 0 native plugins for Editor in 0.00 ms.
Invoked RoslynAnalysisRunner static constructor.
RoslynAnalysisRunner will not be running.
RoslynAnalysisRunner has terminated.
Mono: successfully reloaded assembly
- Completed reload, in  0.700 seconds
Platform modules already initialized, skipping
Refreshing native plugins compatible for Editor in 0.29 ms, found 1 plugins.
Preloading 0 native plugins for Editor in 0.00 ms.
Unloading 1805 Unused Serialized files (Serialized files now loaded: 0)
System memory in use before: 88.5 MB.
System memory in use after: 88.5 MB.

Unloading 12 unused Assets to reduce memory usage. Loaded Objects now: 2313.
Total: 1.928400 ms (FindLiveObjects: 0.245400 ms CreateObjectMapping: 0.075700 ms MarkObjects: 1.471900 ms  DeleteObjects: 0.134600 ms)

========================================================================
Received Prepare
Registering precompiled user dll's ...
Registered in 0.000701 seconds.
Begin MonoManager ReloadAssembly
Native extension for WindowsStandalone target not found
Refreshing native plugins compatible for Editor in 0.29 ms, found 1 plugins.
Preloading 0 native plugins for Editor in 0.00 ms.
Invoked RoslynAnalysisRunner static constructor.
RoslynAnalysisRunner will not be running.
RoslynAnalysisRunner has terminated.
Mono: successfully reloaded assembly
- Completed reload, in  0.677 seconds
Platform modules already initialized, skipping
Refreshing native plugins compatible for Editor in 0.30 ms, found 1 plugins.
Preloading 0 native plugins for Editor in 0.00 ms.
Unloading 1805 Unused Serialized files (Serialized files now loaded: 0)
System memory in use before: 88.5 MB.
System memory in use after: 88.5 MB.

Unloading 12 unused Assets to reduce memory usage. Loaded Objects now: 2317.
Total: 1.849600 ms (FindLiveObjects: 0.171500 ms CreateObjectMapping: 0.075300 ms MarkObjects: 1.468000 ms  DeleteObjects: 0.134200 ms)

========================================================================
Received Prepare
Registering precompiled user dll's ...
Registered in 0.000890 seconds.
Begin MonoManager ReloadAssembly
Native extension for WindowsStandalone target not found
Refreshing native plugins compatible for Editor in 0.29 ms, found 1 plugins.
Preloading 0 native plugins for Editor in 0.00 ms.
Invoked RoslynAnalysisRunner static constructor.
RoslynAnalysisRunner will not be running.
RoslynAnalysisRunner has terminated.
Mono: successfully reloaded assembly
- Completed reload, in  0.665 seconds
Platform modules already initialized, skipping
Refreshing native plugins compatible for Editor in 0.33 ms, found 1 plugins.
Preloading 0 native plugins for Editor in 0.00 ms.
Unloading 1805 Unused Serialized files (Serialized files now loaded: 0)
System memory in use before: 88.5 MB.
System memory in use after: 88.5 MB.

Unloading 12 unused Assets to reduce memory usage. Loaded Objects now: 2321.
Total: 1.843200 ms (FindLiveObjects: 0.207500 ms CreateObjectMapping: 0.067600 ms MarkObjects: 1.463000 ms  DeleteObjects: 0.104500 ms)

========================================================================
Received Prepare
Registering precompiled user dll's ...
Registered in 0.000804 seconds.
Begin MonoManager ReloadAssembly
Native extension for WindowsStandalone target not found
Refreshing native plugins compatible for Editor in 0.30 ms, found 1 plugins.
Preloading 0 native plugins for Editor in 0.00 ms.
Invoked RoslynAnalysisRunner static constructor.
RoslynAnalysisRunner will not be running.
RoslynAnalysisRunner has terminated.
Mono: successfully reloaded assembly
- Completed reload, in  0.679 seconds
Platform modules already initialized, skipping
Refreshing native plugins compatible for Editor in 0.30 ms, found 1 plugins.
Preloading 0 native plugins for Editor in 0.00 ms.
Unloading 1805 Unused Serialized files (Serialized files now loaded: 0)
System memory in use before: 88.5 MB.
System memory in use after: 88.5 MB.

Unloading 12 unused Assets to reduce memory usage. Loaded Objects now: 2325.
Total: 1.798900 ms (FindLiveObjects: 0.174200 ms CreateObjectMapping: 0.074900 ms MarkObjects: 1.400900 ms  DeleteObjects: 0.148100 ms)

========================================================================
Received Prepare
Registering precompiled user dll's ...
Registered in 0.000956 seconds.
Begin MonoManager ReloadAssembly
Native extension for WindowsStandalone target not found
Refreshing native plugins compatible for Editor in 0.32 ms, found 1 plugins.
Preloading 0 native plugins for Editor in 0.00 ms.
Invoked RoslynAnalysisRunner static constructor.
RoslynAnalysisRunner will not be running.
RoslynAnalysisRunner has terminated.
Mono: successfully reloaded assembly
- Completed reload, in  0.671 seconds
Platform modules already initialized, skipping
Refreshing native plugins compatible for Editor in 0.30 ms, found 1 plugins.
Preloading 0 native plugins for Editor in 0.00 ms.
Unloading 1805 Unused Serialized files (Serialized files now loaded: 0)
System memory in use before: 88.6 MB.
System memory in use after: 88.5 MB.

Unloading 12 unused Assets to reduce memory usage. Loaded Objects now: 2329.
Total: 1.971200 ms (FindLiveObjects: 0.212300 ms CreateObjectMapping: 0.091700 ms MarkObjects: 1.548100 ms  DeleteObjects: 0.118400 ms)

========================================================================
Received Prepare
Registering precompiled user dll's ...
Registered in 0.000861 seconds.
Begin MonoManager ReloadAssembly
Native extension for WindowsStandalone target not found
Refreshing native plugins compatible for Editor in 0.35 ms, found 1 plugins.
Preloading 0 native plugins for Editor in 0.00 ms.
Invoked RoslynAnalysisRunner static constructor.
RoslynAnalysisRunner will not be running.
RoslynAnalysisRunner has terminated.
Mono: successfully reloaded assembly
- Completed reload, in  0.672 seconds
Platform modules already initialized, skipping
Refreshing native plugins compatible for Editor in 0.30 ms, found 1 plugins.
Preloading 0 native plugins for Editor in 0.00 ms.
Unloading 1805 Unused Serialized files (Serialized files now loaded: 0)
System memory in use before: 88.6 MB.
System memory in use after: 88.6 MB.

Unloading 12 unused Assets to reduce memory usage. Loaded Objects now: 2333.
Total: 1.718700 ms (FindLiveObjects: 0.210900 ms CreateObjectMapping: 0.082300 ms MarkObjects: 1.301000 ms  DeleteObjects: 0.123800 ms)

========================================================================
Received Prepare
Registering precompiled user dll's ...
Registered in 0.000863 seconds.
Begin MonoManager ReloadAssembly
Native extension for WindowsStandalone target not found
Refreshing native plugins compatible for Editor in 0.29 ms, found 1 plugins.
Preloading 0 native plugins for Editor in 0.00 ms.
Invoked RoslynAnalysisRunner static constructor.
RoslynAnalysisRunner will not be running.
RoslynAnalysisRunner has terminated.
Mono: successfully reloaded assembly
- Completed reload, in  0.672 seconds
Platform modules already initialized, skipping
Refreshing native plugins compatible for Editor in 0.35 ms, found 1 plugins.
Preloading 0 native plugins for Editor in 0.00 ms.
Unloading 1805 Unused Serialized files (Serialized files now loaded: 0)
System memory in use before: 88.6 MB.
System memory in use after: 88.6 MB.

Unloading 12 unused Assets to reduce memory usage. Loaded Objects now: 2337.
Total: 1.762400 ms (FindLiveObjects: 0.183600 ms CreateObjectMapping: 0.074400 ms MarkObjects: 1.405400 ms  DeleteObjects: 0.098300 ms)

========================================================================
Received Prepare
Registering precompiled user dll's ...
Registered in 0.001113 seconds.
Begin MonoManager ReloadAssembly
Native extension for WindowsStandalone target not found
Refreshing native plugins compatible for Editor in 0.30 ms, found 1 plugins.
Preloading 0 native plugins for Editor in 0.00 ms.
Invoked RoslynAnalysisRunner static constructor.
RoslynAnalysisRunner will not be running.
RoslynAnalysisRunner has terminated.
Mono: successfully reloaded assembly
- Completed reload, in  0.693 seconds
Platform modules already initialized, skipping
Refreshing native plugins compatible for Editor in 0.30 ms, found 1 plugins.
Preloading 0 native plugins for Editor in 0.00 ms.
Unloading 1805 Unused Serialized files (Serialized files now loaded: 0)
System memory in use before: 88.6 MB.
System memory in use after: 88.6 MB.

Unloading 12 unused Assets to reduce memory usage. Loaded Objects now: 2341.
Total: 1.767400 ms (FindLiveObjects: 0.189000 ms CreateObjectMapping: 0.093300 ms MarkObjects: 1.386600 ms  DeleteObjects: 0.097700 ms)

========================================================================
Received Prepare
Registering precompiled user dll's ...
Registered in 0.000788 seconds.
Begin MonoManager ReloadAssembly
Native extension for WindowsStandalone target not found
Refreshing native plugins compatible for Editor in 0.29 ms, found 1 plugins.
Preloading 0 native plugins for Editor in 0.00 ms.
Invoked RoslynAnalysisRunner static constructor.
RoslynAnalysisRunner will not be running.
RoslynAnalysisRunner has terminated.
Mono: successfully reloaded assembly
- Completed reload, in  0.648 seconds
Platform modules already initialized, skipping
Refreshing native plugins compatible for Editor in 0.31 ms, found 1 plugins.
Preloading 0 native plugins for Editor in 0.00 ms.
Unloading 1805 Unused Serialized files (Serialized files now loaded: 0)
System memory in use before: 88.6 MB.
System memory in use after: 88.6 MB.

Unloading 12 unused Assets to reduce memory usage. Loaded Objects now: 2345.
Total: 1.924500 ms (FindLiveObjects: 0.189300 ms CreateObjectMapping: 0.097400 ms MarkObjects: 1.463600 ms  DeleteObjects: 0.173500 ms)

========================================================================
Received Prepare
Registering precompiled user dll's ...
Registered in 0.001297 seconds.
Begin MonoManager ReloadAssembly
Native extension for WindowsStandalone target not found
Refreshing native plugins compatible for Editor in 0.41 ms, found 1 plugins.
Preloading 0 native plugins for Editor in 0.00 ms.
Invoked RoslynAnalysisRunner static constructor.
RoslynAnalysisRunner will not be running.
RoslynAnalysisRunner has terminated.
Mono: successfully reloaded assembly
- Completed reload, in  1.140 seconds
Platform modules already initialized, skipping
Refreshing native plugins compatible for Editor in 0.45 ms, found 1 plugins.
Preloading 0 native plugins for Editor in 0.00 ms.
Unloading 1805 Unused Serialized files (Serialized files now loaded: 0)
System memory in use before: 88.6 MB.
System memory in use after: 88.6 MB.

Unloading 12 unused Assets to reduce memory usage. Loaded Objects now: 2349.
Total: 2.331300 ms (FindLiveObjects: 0.247500 ms CreateObjectMapping: 0.112600 ms MarkObjects: 1.809200 ms  DeleteObjects: 0.161000 ms)

AssetImportWorkerClient::OnTransportError - code=2 error=End of file
